# JRE version: Java(TM) SE Runtime Environment (8.0_241-b07) (build 1.8.0_241-b07)
# Java VM: Java HotSpot(TM) 64-Bit Server VM (25.241-b07 mixed mode windows-amd64 compressed oops)
Heap:
 PSYoungGen      total 196608K, used 17507K [0x00000000d6100000, 0x00000000e6a80000, 0x0000000100000000)
  eden space 185344K, 3% used [0x00000000d6100000,0x00000000d671c268,0x00000000e1600000)
  from space 11264K, 99% used [0x00000000e1600000,0x00000000e20fcd68,0x00000000e2100000)
  to   space 16384K, 0% used [0x00000000e5a80000,0x00000000e5a80000,0x00000000e6a80000)
 ParOldGen       total 78336K, used 22899K [0x0000000082200000, 0x0000000086e80000, 0x00000000d6100000)
  object space 78336K, 29% used [0x0000000082200000,0x000000008385cd80,0x0000000086e80000)
 Metaspace       used 50950K, capacity 53942K, committed 54104K, reserved 1095680K
  class space    used 7206K, capacity 7724K, committed 7808K, reserved 1048576K
GC Heap History (10 events):
Event: 3.339 GC heap before
{Heap before GC invocations=7 (full 1):
 PSYoungGen      total 70656K, used 65536K [0x00000000d6100000, 0x00000000df100000, 0x0000000100000000)
  eden space 65536K, 100% used [0x00000000d6100000,0x00000000da100000,0x00000000da100000)
  from space 5120K, 0% used [0x00000000da100000,0x00000000da100000,0x00000000da600000)
  to   space 8192K, 0% used [0x00000000de900000,0x00000000de900000,0x00000000df100000)
 ParOldGen       total 50688K, used 6400K [0x0000000082200000, 0x0000000085380000, 0x00000000d6100000)
  object space 50688K, 12% used [0x0000000082200000,0x0000000082840300,0x0000000085380000)
 Metaspace       used 22948K, capacity 24272K, committed 24448K, reserved 1071104K
  class space    used 3053K, capacity 3337K, committed 3456K, reserved 1048576K
Event: 3.344 GC heap after
Heap after GC invocations=7 (full 1):
 PSYoungGen      total 115712K, used 3837K [0x00000000d6100000, 0x00000000ded00000, 0x0000000100000000)
  eden space 111616K, 0% used [0x00000000d6100000,0x00000000d6100000,0x00000000dce00000)
  from space 4096K, 93% used [0x00000000de900000,0x00000000decbf600,0x00000000ded00000)
  to   space 8192K, 0% used [0x00000000ddd00000,0x00000000ddd00000,0x00000000de500000)
 ParOldGen       total 50688K, used 6400K [0x0000000082200000, 0x0000000085380000, 0x00000000d6100000)
  object space 50688K, 12% used [0x0000000082200000,0x0000000082840300,0x0000000085380000)
 Metaspace       used 22948K, capacity 24272K, committed 24448K, reserved 1071104K
  class space    used 3053K, capacity 3337K, committed 3456K, reserved 1048576K
}
Event: 4.984 GC heap before
{Heap before GC invocations=8 (full 1):
 PSYoungGen      total 115712K, used 115453K [0x00000000d6100000, 0x00000000ded00000, 0x0000000100000000)
  eden space 111616K, 100% used [0x00000000d6100000,0x00000000dce00000,0x00000000dce00000)
  from space 4096K, 93% used [0x00000000de900000,0x00000000decbf600,0x00000000ded00000)
  to   space 8192K, 0% used [0x00000000ddd00000,0x00000000ddd00000,0x00000000de500000)
 ParOldGen       total 50688K, used 6400K [0x0000000082200000, 0x0000000085380000, 0x00000000d6100000)
  object space 50688K, 12% used [0x0000000082200000,0x0000000082840300,0x0000000085380000)
 Metaspace       used 29499K, capacity 31292K, committed 31488K, reserved 1077248K
  class space    used 3954K, capacity 4303K, committed 4352K, reserved 1048576K
Event: 5.006 GC heap after
Heap after GC invocations=8 (full 1):
 PSYoungGen      total 135168K, used 8174K [0x00000000d6100000, 0x00000000e2b00000, 0x0000000100000000)
  eden space 126976K, 0% used [0x00000000d6100000,0x00000000d6100000,0x00000000ddd00000)
  from space 8192K, 99% used [0x00000000ddd00000,0x00000000de4fb950,0x00000000de500000)
  to   space 10240K, 0% used [0x00000000e2100000,0x00000000e2100000,0x00000000e2b00000)
 ParOldGen       total 50688K, used 8841K [0x0000000082200000, 0x0000000085380000, 0x00000000d6100000)
  object space 50688K, 17% used [0x0000000082200000,0x0000000082aa2788,0x0000000085380000)
 Metaspace       used 29499K, capacity 31292K, committed 31488K, reserved 1077248K
  class space    used 3954K, capacity 4303K, committed 4352K, reserved 1048576K
}
Event: 5.798 GC heap before
{Heap before GC invocations=9 (full 1):
 PSYoungGen      total 135168K, used 64007K [0x00000000d6100000, 0x00000000e2b00000, 0x0000000100000000)
  eden space 126976K, 43% used [0x00000000d6100000,0x00000000d97864a8,0x00000000ddd00000)
  from space 8192K, 99% used [0x00000000ddd00000,0x00000000de4fb950,0x00000000de500000)
  to   space 10240K, 0% used [0x00000000e2100000,0x00000000e2100000,0x00000000e2b00000)
 ParOldGen       total 50688K, used 8841K [0x0000000082200000, 0x0000000085380000, 0x00000000d6100000)
  object space 50688K, 17% used [0x0000000082200000,0x0000000082aa2788,0x0000000085380000)
 Metaspace       used 33371K, capacity 35270K, committed 35416K, reserved 1079296K
  class space    used 4529K, capacity 4898K, committed 4992K, reserved 1048576K
Event: 5.809 GC heap after
Heap after GC invocations=9 (full 1):
 PSYoungGen      total 195584K, used 8785K [0x00000000d6100000, 0x00000000e4300000, 0x0000000100000000)
  eden space 185344K, 0% used [0x00000000d6100000,0x00000000d6100000,0x00000000e1600000)
  from space 10240K, 85% used [0x00000000e2100000,0x00000000e2994450,0x00000000e2b00000)
  to   space 11264K, 0% used [0x00000000e1600000,0x00000000e1600000,0x00000000e2100000)
 ParOldGen       total 50688K, used 8849K [0x0000000082200000, 0x0000000085380000, 0x00000000d6100000)
  object space 50688K, 17% used [0x0000000082200000,0x0000000082aa4788,0x0000000085380000)
 Metaspace       used 33371K, capacity 35270K, committed 35416K, reserved 1079296K
  class space    used 4529K, capacity 4898K, committed 4992K, reserved 1048576K
}
Event: 5.809 GC heap before
{Heap before GC invocations=10 (full 2):
 PSYoungGen      total 195584K, used 8785K [0x00000000d6100000, 0x00000000e4300000, 0x0000000100000000)
  eden space 185344K, 0% used [0x00000000d6100000,0x00000000d6100000,0x00000000e1600000)
  from space 10240K, 85% used [0x00000000e2100000,0x00000000e2994450,0x00000000e2b00000)
  to   space 11264K, 0% used [0x00000000e1600000,0x00000000e1600000,0x00000000e2100000)
 ParOldGen       total 50688K, used 8849K [0x0000000082200000, 0x0000000085380000, 0x00000000d6100000)
  object space 50688K, 17% used [0x0000000082200000,0x0000000082aa4788,0x0000000085380000)
 Metaspace       used 33371K, capacity 35270K, committed 35416K, reserved 1079296K
  class space    used 4529K, capacity 4898K, committed 4992K, reserved 1048576K
Event: 5.883 GC heap after
Heap after GC invocations=10 (full 2):
 PSYoungGen      total 195584K, used 0K [0x00000000d6100000, 0x00000000e4300000, 0x0000000100000000)
  eden space 185344K, 0% used [0x00000000d6100000,0x00000000d6100000,0x00000000e1600000)
  from space 10240K, 0% used [0x00000000e2100000,0x00000000e2100000,0x00000000e2b00000)
  to   space 11264K, 0% used [0x00000000e1600000,0x00000000e1600000,0x00000000e2100000)
 ParOldGen       total 78336K, used 13189K [0x0000000082200000, 0x0000000086e80000, 0x00000000d6100000)
  object space 78336K, 16% used [0x0000000082200000,0x0000000082ee14a8,0x0000000086e80000)
 Metaspace       used 33371K, capacity 35270K, committed 35416K, reserved 1079296K
  class space    used 4529K, capacity 4898K, committed 4992K, reserved 1048576K
}
Event: 8.901 GC heap before
{Heap before GC invocations=11 (full 2):
 PSYoungGen      total 195584K, used 185344K [0x00000000d6100000, 0x00000000e4300000, 0x0000000100000000)
  eden space 185344K, 100% used [0x00000000d6100000,0x00000000e1600000,0x00000000e1600000)
  from space 10240K, 0% used [0x00000000e2100000,0x00000000e2100000,0x00000000e2b00000)
  to   space 11264K, 0% used [0x00000000e1600000,0x00000000e1600000,0x00000000e2100000)
 ParOldGen       total 78336K, used 13189K [0x0000000082200000, 0x0000000086e80000, 0x00000000d6100000)
  object space 78336K, 16% used [0x0000000082200000,0x0000000082ee14a8,0x0000000086e80000)
 Metaspace       used 50933K, capacity 53904K, committed 54104K, reserved 1095680K
  class space    used 7203K, capacity 7691K, committed 7808K, reserved 1048576K
Event: 8.930 GC heap after
Heap after GC invocations=11 (full 2):
 PSYoungGen      total 196608K, used 11251K [0x00000000d6100000, 0x00000000e6a80000, 0x0000000100000000)
  eden space 185344K, 0% used [0x00000000d6100000,0x00000000d6100000,0x00000000e1600000)
  from space 11264K, 99% used [0x00000000e1600000,0x00000000e20fcd68,0x00000000e2100000)
  to   space 16384K, 0% used [0x00000000e5a80000,0x00000000e5a80000,0x00000000e6a80000)
 ParOldGen       total 78336K, used 22899K [0x0000000082200000, 0x0000000086e80000, 0x00000000d6100000)
  object space 78336K, 29% used [0x0000000082200000,0x000000008385cd80,0x0000000086e80000)
 Metaspace       used 50933K, capacity 53904K, committed 54104K, reserved 1095680K
  class space    used 7203K, capacity 7691K, committed 7808K, reserved 1048576K
}

