# JRE version: Java(TM) SE Runtime Environment (8.0_241-b07) (build 1.8.0_241-b07)
# Java VM: Java HotSpot(TM) 64-Bit Server VM (25.241-b07 mixed mode windows-amd64 compressed oops)
Heap:
 PSYoungGen      total 185856K, used 59935K [0x00000000d6100000, 0x00000000e5a80000, 0x0000000100000000)
  eden space 174592K, 27% used [0x00000000d6100000,0x00000000d908a2e0,0x00000000e0b80000)
  from space 11264K, 99% used [0x00000000e0b80000,0x00000000e167da40,0x00000000e1680000)
  to   space 16384K, 0% used [0x00000000e4a80000,0x00000000e4a80000,0x00000000e5a80000)
 ParOldGen       total 81408K, used 22590K [0x0000000082200000, 0x0000000087180000, 0x00000000d6100000)
  object space 81408K, 27% used [0x0000000082200000,0x000000008380fa88,0x0000000087180000)
 Metaspace       used 51600K, capacity 54634K, committed 55000K, reserved 1095680K
  class space    used 7300K, capacity 7812K, committed 7936K, reserved 1048576K
GC Heap History (10 events):
Event: 2.589 GC heap before
{Heap before GC invocations=7 (full 1):
 PSYoungGen      total 70656K, used 65536K [0x00000000d6100000, 0x00000000df100000, 0x0000000100000000)
  eden space 65536K, 100% used [0x00000000d6100000,0x00000000da100000,0x00000000da100000)
  from space 5120K, 0% used [0x00000000da100000,0x00000000da100000,0x00000000da600000)
  to   space 8192K, 0% used [0x00000000de900000,0x00000000de900000,0x00000000df100000)
 ParOldGen       total 52224K, used 6488K [0x0000000082200000, 0x0000000085500000, 0x00000000d6100000)
  object space 52224K, 12% used [0x0000000082200000,0x00000000828561d8,0x0000000085500000)
 Metaspace       used 22917K, capacity 24256K, committed 24320K, reserved 1071104K
  class space    used 3044K, capacity 3309K, committed 3328K, reserved 1048576K
Event: 2.595 GC heap after
Heap after GC invocations=7 (full 1):
 PSYoungGen      total 112640K, used 3687K [0x00000000d6100000, 0x00000000ded00000, 0x0000000100000000)
  eden space 108544K, 0% used [0x00000000d6100000,0x00000000d6100000,0x00000000dcb00000)
  from space 4096K, 90% used [0x00000000de900000,0x00000000dec99da8,0x00000000ded00000)
  to   space 8192K, 0% used [0x00000000ddd00000,0x00000000ddd00000,0x00000000de500000)
 ParOldGen       total 52224K, used 6488K [0x0000000082200000, 0x0000000085500000, 0x00000000d6100000)
  object space 52224K, 12% used [0x0000000082200000,0x00000000828561d8,0x0000000085500000)
 Metaspace       used 22917K, capacity 24256K, committed 24320K, reserved 1071104K
  class space    used 3044K, capacity 3309K, committed 3328K, reserved 1048576K
}
Event: 4.091 GC heap before
{Heap before GC invocations=8 (full 1):
 PSYoungGen      total 112640K, used 112231K [0x00000000d6100000, 0x00000000ded00000, 0x0000000100000000)
  eden space 108544K, 100% used [0x00000000d6100000,0x00000000dcb00000,0x00000000dcb00000)
  from space 4096K, 90% used [0x00000000de900000,0x00000000dec99da8,0x00000000ded00000)
  to   space 8192K, 0% used [0x00000000ddd00000,0x00000000ddd00000,0x00000000de500000)
 ParOldGen       total 52224K, used 6488K [0x0000000082200000, 0x0000000085500000, 0x00000000d6100000)
  object space 52224K, 12% used [0x0000000082200000,0x00000000828561d8,0x0000000085500000)
 Metaspace       used 29207K, capacity 31008K, committed 31232K, reserved 1077248K
  class space    used 3913K, capacity 4271K, committed 4352K, reserved 1048576K
Event: 4.108 GC heap after
Heap after GC invocations=8 (full 1):
 PSYoungGen      total 135168K, used 8161K [0x00000000d6100000, 0x00000000e2080000, 0x0000000100000000)
  eden space 126976K, 0% used [0x00000000d6100000,0x00000000d6100000,0x00000000ddd00000)
  from space 8192K, 99% used [0x00000000ddd00000,0x00000000de4f87a0,0x00000000de500000)
  to   space 10240K, 0% used [0x00000000e1680000,0x00000000e1680000,0x00000000e2080000)
 ParOldGen       total 52224K, used 8631K [0x0000000082200000, 0x0000000085500000, 0x00000000d6100000)
  object space 52224K, 16% used [0x0000000082200000,0x0000000082a6dd10,0x0000000085500000)
 Metaspace       used 29207K, capacity 31008K, committed 31232K, reserved 1077248K
  class space    used 3913K, capacity 4271K, committed 4352K, reserved 1048576K
}
Event: 4.968 GC heap before
{Heap before GC invocations=9 (full 1):
 PSYoungGen      total 135168K, used 71836K [0x00000000d6100000, 0x00000000e2080000, 0x0000000100000000)
  eden space 126976K, 50% used [0x00000000d6100000,0x00000000d9f2e9a0,0x00000000ddd00000)
  from space 8192K, 99% used [0x00000000ddd00000,0x00000000de4f87a0,0x00000000de500000)
  to   space 10240K, 0% used [0x00000000e1680000,0x00000000e1680000,0x00000000e2080000)
 ParOldGen       total 52224K, used 8631K [0x0000000082200000, 0x0000000085500000, 0x00000000d6100000)
  object space 52224K, 16% used [0x0000000082200000,0x0000000082a6dd10,0x0000000085500000)
 Metaspace       used 33377K, capacity 35298K, committed 35416K, reserved 1079296K
  class space    used 4529K, capacity 4902K, committed 4992K, reserved 1048576K
Event: 4.981 GC heap after
Heap after GC invocations=9 (full 1):
 PSYoungGen      total 184832K, used 8971K [0x00000000d6100000, 0x00000000e3c80000, 0x0000000100000000)
  eden space 174592K, 0% used [0x00000000d6100000,0x00000000d6100000,0x00000000e0b80000)
  from space 10240K, 87% used [0x00000000e1680000,0x00000000e1f42cc0,0x00000000e2080000)
  to   space 11264K, 0% used [0x00000000e0b80000,0x00000000e0b80000,0x00000000e1680000)
 ParOldGen       total 52224K, used 8639K [0x0000000082200000, 0x0000000085500000, 0x00000000d6100000)
  object space 52224K, 16% used [0x0000000082200000,0x0000000082a6fd10,0x0000000085500000)
 Metaspace       used 33377K, capacity 35298K, committed 35416K, reserved 1079296K
  class space    used 4529K, capacity 4902K, committed 4992K, reserved 1048576K
}
Event: 4.981 GC heap before
{Heap before GC invocations=10 (full 2):
 PSYoungGen      total 184832K, used 8971K [0x00000000d6100000, 0x00000000e3c80000, 0x0000000100000000)
  eden space 174592K, 0% used [0x00000000d6100000,0x00000000d6100000,0x00000000e0b80000)
  from space 10240K, 87% used [0x00000000e1680000,0x00000000e1f42cc0,0x00000000e2080000)
  to   space 11264K, 0% used [0x00000000e0b80000,0x00000000e0b80000,0x00000000e1680000)
 ParOldGen       total 52224K, used 8639K [0x0000000082200000, 0x0000000085500000, 0x00000000d6100000)
  object space 52224K, 16% used [0x0000000082200000,0x0000000082a6fd10,0x0000000085500000)
 Metaspace       used 33377K, capacity 35298K, committed 35416K, reserved 1079296K
  class space    used 4529K, capacity 4902K, committed 4992K, reserved 1048576K
Event: 5.060 GC heap after
Heap after GC invocations=10 (full 2):
 PSYoungGen      total 184832K, used 0K [0x00000000d6100000, 0x00000000e3c80000, 0x0000000100000000)
  eden space 174592K, 0% used [0x00000000d6100000,0x00000000d6100000,0x00000000e0b80000)
  from space 10240K, 0% used [0x00000000e1680000,0x00000000e1680000,0x00000000e2080000)
  to   space 11264K, 0% used [0x00000000e0b80000,0x00000000e0b80000,0x00000000e1680000)
 ParOldGen       total 81408K, used 13351K [0x0000000082200000, 0x0000000087180000, 0x00000000d6100000)
  object space 81408K, 16% used [0x0000000082200000,0x0000000082f09fe0,0x0000000087180000)
 Metaspace       used 33377K, capacity 35298K, committed 35416K, reserved 1079296K
  class space    used 4529K, capacity 4902K, committed 4992K, reserved 1048576K
}
Event: 7.788 GC heap before
{Heap before GC invocations=11 (full 2):
 PSYoungGen      total 184832K, used 174592K [0x00000000d6100000, 0x00000000e3c80000, 0x0000000100000000)
  eden space 174592K, 100% used [0x00000000d6100000,0x00000000e0b80000,0x00000000e0b80000)
  from space 10240K, 0% used [0x00000000e1680000,0x00000000e1680000,0x00000000e2080000)
  to   space 11264K, 0% used [0x00000000e0b80000,0x00000000e0b80000,0x00000000e1680000)
 ParOldGen       total 81408K, used 13351K [0x0000000082200000, 0x0000000087180000, 0x00000000d6100000)
  object space 81408K, 16% used [0x0000000082200000,0x0000000082f09fe0,0x0000000087180000)
 Metaspace       used 50816K, capacity 53776K, committed 54104K, reserved 1095680K
  class space    used 7190K, capacity 7691K, committed 7808K, reserved 1048576K
Event: 7.813 GC heap after
Heap after GC invocations=11 (full 2):
 PSYoungGen      total 185856K, used 11254K [0x00000000d6100000, 0x00000000e5a80000, 0x0000000100000000)
  eden space 174592K, 0% used [0x00000000d6100000,0x00000000d6100000,0x00000000e0b80000)
  from space 11264K, 99% used [0x00000000e0b80000,0x00000000e167da40,0x00000000e1680000)
  to   space 16384K, 0% used [0x00000000e4a80000,0x00000000e4a80000,0x00000000e5a80000)
 ParOldGen       total 81408K, used 22590K [0x0000000082200000, 0x0000000087180000, 0x00000000d6100000)
  object space 81408K, 27% used [0x0000000082200000,0x000000008380fa88,0x0000000087180000)
 Metaspace       used 50816K, capacity 53776K, committed 54104K, reserved 1095680K
  class space    used 7190K, capacity 7691K, committed 7808K, reserved 1048576K
}

