# JRE version: Java(TM) SE Runtime Environment (8.0_241-b07) (build 1.8.0_241-b07)
# Java VM: Java HotSpot(TM) 64-Bit Server VM (25.241-b07 mixed mode windows-amd64 compressed oops)
Heap:
 PSYoungGen      total 178176K, used 72784K [0x00000000d6100000, 0x00000000e4e80000, 0x0000000100000000)
  eden space 166912K, 36% used [0x00000000d6100000,0x00000000d9d1b858,0x00000000e0400000)
  from space 11264K, 99% used [0x00000000e0400000,0x00000000e0ef8b50,0x00000000e0f00000)
  to   space 15872K, 0% used [0x00000000e3f00000,0x00000000e3f00000,0x00000000e4e80000)
 ParOldGen       total 84480K, used 22198K [0x0000000082200000, 0x0000000087480000, 0x00000000d6100000)
  object space 84480K, 26% used [0x0000000082200000,0x00000000837ad9d8,0x0000000087480000)
 Metaspace       used 51928K, capacity 55000K, committed 55256K, reserved 1097728K
  class space    used 7352K, capacity 7873K, committed 7936K, reserved 1048576K
GC Heap History (10 events):
Event: 2.626 GC heap before
{Heap before GC invocations=7 (full 1):
 PSYoungGen      total 70656K, used 65536K [0x00000000d6100000, 0x00000000df100000, 0x0000000100000000)
  eden space 65536K, 100% used [0x00000000d6100000,0x00000000da100000,0x00000000da100000)
  from space 5120K, 0% used [0x00000000da100000,0x00000000da100000,0x00000000da600000)
  to   space 8192K, 0% used [0x00000000de900000,0x00000000de900000,0x00000000df100000)
 ParOldGen       total 53248K, used 6594K [0x0000000082200000, 0x0000000085600000, 0x00000000d6100000)
  object space 53248K, 12% used [0x0000000082200000,0x0000000082870a28,0x0000000085600000)
 Metaspace       used 22776K, capacity 24136K, committed 24320K, reserved 1071104K
  class space    used 3014K, capacity 3273K, committed 3328K, reserved 1048576K
Event: 2.632 GC heap after
Heap after GC invocations=7 (full 1):
 PSYoungGen      total 110592K, used 3674K [0x00000000d6100000, 0x00000000ded00000, 0x0000000100000000)
  eden space 106496K, 0% used [0x00000000d6100000,0x00000000d6100000,0x00000000dc900000)
  from space 4096K, 89% used [0x00000000de900000,0x00000000dec968f0,0x00000000ded00000)
  to   space 8192K, 0% used [0x00000000ddd00000,0x00000000ddd00000,0x00000000de500000)
 ParOldGen       total 53248K, used 6594K [0x0000000082200000, 0x0000000085600000, 0x00000000d6100000)
  object space 53248K, 12% used [0x0000000082200000,0x0000000082870a28,0x0000000085600000)
 Metaspace       used 22776K, capacity 24136K, committed 24320K, reserved 1071104K
  class space    used 3014K, capacity 3273K, committed 3328K, reserved 1048576K
}
Event: 4.144 GC heap before
{Heap before GC invocations=8 (full 1):
 PSYoungGen      total 110592K, used 110170K [0x00000000d6100000, 0x00000000ded00000, 0x0000000100000000)
  eden space 106496K, 100% used [0x00000000d6100000,0x00000000dc900000,0x00000000dc900000)
  from space 4096K, 89% used [0x00000000de900000,0x00000000dec968f0,0x00000000ded00000)
  to   space 8192K, 0% used [0x00000000ddd00000,0x00000000ddd00000,0x00000000de500000)
 ParOldGen       total 53248K, used 6594K [0x0000000082200000, 0x0000000085600000, 0x00000000d6100000)
  object space 53248K, 12% used [0x0000000082200000,0x0000000082870a28,0x0000000085600000)
 Metaspace       used 28865K, capacity 30594K, committed 30848K, reserved 1075200K
  class space    used 3855K, capacity 4202K, committed 4224K, reserved 1048576K
Event: 4.157 GC heap after
Heap after GC invocations=8 (full 1):
 PSYoungGen      total 135168K, used 8186K [0x00000000d6100000, 0x00000000e1900000, 0x0000000100000000)
  eden space 126976K, 0% used [0x00000000d6100000,0x00000000d6100000,0x00000000ddd00000)
  from space 8192K, 99% used [0x00000000ddd00000,0x00000000de4fea50,0x00000000de500000)
  to   space 10240K, 0% used [0x00000000e0f00000,0x00000000e0f00000,0x00000000e1900000)
 ParOldGen       total 53248K, used 8386K [0x0000000082200000, 0x0000000085600000, 0x00000000d6100000)
  object space 53248K, 15% used [0x0000000082200000,0x0000000082a30b48,0x0000000085600000)
 Metaspace       used 28865K, capacity 30594K, committed 30848K, reserved 1075200K
  class space    used 3855K, capacity 4202K, committed 4224K, reserved 1048576K
}
Event: 5.015 GC heap before
{Heap before GC invocations=9 (full 1):
 PSYoungGen      total 135168K, used 71366K [0x00000000d6100000, 0x00000000e1900000, 0x0000000100000000)
  eden space 126976K, 49% used [0x00000000d6100000,0x00000000d9eb2e28,0x00000000ddd00000)
  from space 8192K, 99% used [0x00000000ddd00000,0x00000000de4fea50,0x00000000de500000)
  to   space 10240K, 0% used [0x00000000e0f00000,0x00000000e0f00000,0x00000000e1900000)
 ParOldGen       total 53248K, used 8386K [0x0000000082200000, 0x0000000085600000, 0x00000000d6100000)
  object space 53248K, 15% used [0x0000000082200000,0x0000000082a30b48,0x0000000085600000)
 Metaspace       used 33362K, capacity 35274K, committed 35416K, reserved 1079296K
  class space    used 4528K, capacity 4898K, committed 4992K, reserved 1048576K
Event: 5.027 GC heap after
Heap after GC invocations=9 (full 1):
 PSYoungGen      total 177152K, used 9104K [0x00000000d6100000, 0x00000000e3780000, 0x0000000100000000)
  eden space 166912K, 0% used [0x00000000d6100000,0x00000000d6100000,0x00000000e0400000)
  from space 10240K, 88% used [0x00000000e0f00000,0x00000000e17e40d0,0x00000000e1900000)
  to   space 11264K, 0% used [0x00000000e0400000,0x00000000e0400000,0x00000000e0f00000)
 ParOldGen       total 53248K, used 8394K [0x0000000082200000, 0x0000000085600000, 0x00000000d6100000)
  object space 53248K, 15% used [0x0000000082200000,0x0000000082a32b48,0x0000000085600000)
 Metaspace       used 33362K, capacity 35274K, committed 35416K, reserved 1079296K
  class space    used 4528K, capacity 4898K, committed 4992K, reserved 1048576K
}
Event: 5.027 GC heap before
{Heap before GC invocations=10 (full 2):
 PSYoungGen      total 177152K, used 9104K [0x00000000d6100000, 0x00000000e3780000, 0x0000000100000000)
  eden space 166912K, 0% used [0x00000000d6100000,0x00000000d6100000,0x00000000e0400000)
  from space 10240K, 88% used [0x00000000e0f00000,0x00000000e17e40d0,0x00000000e1900000)
  to   space 11264K, 0% used [0x00000000e0400000,0x00000000e0400000,0x00000000e0f00000)
 ParOldGen       total 53248K, used 8394K [0x0000000082200000, 0x0000000085600000, 0x00000000d6100000)
  object space 53248K, 15% used [0x0000000082200000,0x0000000082a32b48,0x0000000085600000)
 Metaspace       used 33362K, capacity 35274K, committed 35416K, reserved 1079296K
  class space    used 4528K, capacity 4898K, committed 4992K, reserved 1048576K
Event: 5.102 GC heap after
Heap after GC invocations=10 (full 2):
 PSYoungGen      total 177152K, used 0K [0x00000000d6100000, 0x00000000e3780000, 0x0000000100000000)
  eden space 166912K, 0% used [0x00000000d6100000,0x00000000d6100000,0x00000000e0400000)
  from space 10240K, 0% used [0x00000000e0f00000,0x00000000e0f00000,0x00000000e1900000)
  to   space 11264K, 0% used [0x00000000e0400000,0x00000000e0400000,0x00000000e0f00000)
 ParOldGen       total 84480K, used 13616K [0x0000000082200000, 0x0000000087480000, 0x00000000d6100000)
  object space 84480K, 16% used [0x0000000082200000,0x0000000082f4c158,0x0000000087480000)
 Metaspace       used 33362K, capacity 35274K, committed 35416K, reserved 1079296K
  class space    used 4528K, capacity 4898K, committed 4992K, reserved 1048576K
}
Event: 8.076 GC heap before
{Heap before GC invocations=11 (full 2):
 PSYoungGen      total 177152K, used 166912K [0x00000000d6100000, 0x00000000e3780000, 0x0000000100000000)
  eden space 166912K, 100% used [0x00000000d6100000,0x00000000e0400000,0x00000000e0400000)
  from space 10240K, 0% used [0x00000000e0f00000,0x00000000e0f00000,0x00000000e1900000)
  to   space 11264K, 0% used [0x00000000e0400000,0x00000000e0400000,0x00000000e0f00000)
 ParOldGen       total 84480K, used 13616K [0x0000000082200000, 0x0000000087480000, 0x00000000d6100000)
  object space 84480K, 16% used [0x0000000082200000,0x0000000082f4c158,0x0000000087480000)
 Metaspace       used 50591K, capacity 53322K, committed 53464K, reserved 1095680K
  class space    used 7135K, capacity 7628K, committed 7680K, reserved 1048576K
Event: 8.104 GC heap after
Heap after GC invocations=11 (full 2):
 PSYoungGen      total 178176K, used 11234K [0x00000000d6100000, 0x00000000e4e80000, 0x0000000100000000)
  eden space 166912K, 0% used [0x00000000d6100000,0x00000000d6100000,0x00000000e0400000)
  from space 11264K, 99% used [0x00000000e0400000,0x00000000e0ef8b50,0x00000000e0f00000)
  to   space 15872K, 0% used [0x00000000e3f00000,0x00000000e3f00000,0x00000000e4e80000)
 ParOldGen       total 84480K, used 22198K [0x0000000082200000, 0x0000000087480000, 0x00000000d6100000)
  object space 84480K, 26% used [0x0000000082200000,0x00000000837ad9d8,0x0000000087480000)
 Metaspace       used 50591K, capacity 53322K, committed 53464K, reserved 1095680K
  class space    used 7135K, capacity 7628K, committed 7680K, reserved 1048576K
}

